# JRE version: OpenJDK Runtime Environment (17.0.11) (build 17.0.11+0--11852314)
# Java VM: OpenJDK 64-Bit Server VM (17.0.11+0--11852314, mixed mode, tiered, compressed oops, compressed class ptrs, g1 gc, windows-amd64)
GC Precious Log:
 CPUs: 12 total, 12 available
 Memory: 16068M
 Large Page Support: Disabled
 NUMA Support: Disabled
 Compressed Oops: Enabled (32-bit)
 Heap Region Size: 1M
 Heap Min Capacity: 8M
 Heap Initial Capacity: 252M
 Heap Max Capacity: 2G
 Pre-touch: Disabled
 Parallel Workers: 10
 Concurrent Workers: 3
 Concurrent Refinement Workers: 10
 Periodic GC: Disabled
Heap:
 garbage-first heap   total 162816K, used 88882K [0x0000000080000000, 0x0000000100000000)
  region size 1024K, 18 young (18432K), 6 survivors (6144K)
 Metaspace       used 95604K, committed 96256K, reserved 1179648K
  class space    used 13278K, committed 13568K, reserved 1048576K
GC Heap History (20 events):
Event: 7.053 GC heap before
{Heap before GC invocations=20 (full 0):
 garbage-first heap   total 109568K, used 56749K [0x0000000080000000, 0x0000000100000000)
  region size 1024K, 8 young (8192K), 5 survivors (5120K)
 Metaspace       used 63709K, committed 64256K, reserved 1114112K
  class space    used 8675K, committed 8896K, reserved 1048576K
}
Event: 7.055 GC heap after
{Heap after GC invocations=21 (full 0):
 garbage-first heap   total 109568K, used 54151K [0x0000000080000000, 0x0000000100000000)
  region size 1024K, 2 young (2048K), 2 survivors (2048K)
 Metaspace       used 63709K, committed 64256K, reserved 1114112K
  class space    used 8675K, committed 8896K, reserved 1048576K
}
Event: 7.265 GC heap before
{Heap before GC invocations=22 (full 0):
 garbage-first heap   total 109568K, used 77703K [0x0000000080000000, 0x0000000100000000)
  region size 1024K, 24 young (24576K), 2 survivors (2048K)
 Metaspace       used 65331K, committed 65920K, reserved 1114112K
  class space    used 8889K, committed 9152K, reserved 1048576K
}
Event: 7.267 GC heap after
{Heap after GC invocations=23 (full 0):
 garbage-first heap   total 162816K, used 57710K [0x0000000080000000, 0x0000000100000000)
  region size 1024K, 3 young (3072K), 3 survivors (3072K)
 Metaspace       used 65331K, committed 65920K, reserved 1114112K
  class space    used 8889K, committed 9152K, reserved 1048576K
}
Event: 7.310 GC heap before
{Heap before GC invocations=23 (full 0):
 garbage-first heap   total 162816K, used 60782K [0x0000000080000000, 0x0000000100000000)
  region size 1024K, 7 young (7168K), 3 survivors (3072K)
 Metaspace       used 65662K, committed 66240K, reserved 1114112K
  class space    used 8926K, committed 9216K, reserved 1048576K
}
Event: 7.313 GC heap after
{Heap after GC invocations=24 (full 0):
 garbage-first heap   total 162816K, used 57125K [0x0000000080000000, 0x0000000100000000)
  region size 1024K, 1 young (1024K), 1 survivors (1024K)
 Metaspace       used 65662K, committed 66240K, reserved 1114112K
  class space    used 8926K, committed 9216K, reserved 1048576K
}
Event: 7.849 GC heap before
{Heap before GC invocations=24 (full 0):
 garbage-first heap   total 162816K, used 105253K [0x0000000080000000, 0x0000000100000000)
  region size 1024K, 48 young (49152K), 1 survivors (1024K)
 Metaspace       used 70330K, committed 70976K, reserved 1114112K
  class space    used 9475K, committed 9792K, reserved 1048576K
}
Event: 7.852 GC heap after
{Heap after GC invocations=25 (full 0):
 garbage-first heap   total 162816K, used 58337K [0x0000000080000000, 0x0000000100000000)
  region size 1024K, 2 young (2048K), 2 survivors (2048K)
 Metaspace       used 70330K, committed 70976K, reserved 1114112K
  class space    used 9475K, committed 9792K, reserved 1048576K
}
Event: 8.260 GC heap before
{Heap before GC invocations=25 (full 0):
 garbage-first heap   total 162816K, used 115681K [0x0000000080000000, 0x0000000100000000)
  region size 1024K, 53 young (54272K), 2 survivors (2048K)
 Metaspace       used 73867K, committed 74496K, reserved 1114112K
  class space    used 10009K, committed 10304K, reserved 1048576K
}
Event: 8.264 GC heap after
{Heap after GC invocations=26 (full 0):
 garbage-first heap   total 162816K, used 64066K [0x0000000080000000, 0x0000000100000000)
  region size 1024K, 6 young (6144K), 6 survivors (6144K)
 Metaspace       used 73867K, committed 74496K, reserved 1114112K
  class space    used 10009K, committed 10304K, reserved 1048576K
}
Event: 8.750 GC heap before
{Heap before GC invocations=26 (full 0):
 garbage-first heap   total 162816K, used 116290K [0x0000000080000000, 0x0000000100000000)
  region size 1024K, 57 young (58368K), 6 survivors (6144K)
 Metaspace       used 78119K, committed 78720K, reserved 1179648K
  class space    used 10610K, committed 10880K, reserved 1048576K
}
Event: 8.754 GC heap after
{Heap after GC invocations=27 (full 0):
 garbage-first heap   total 162816K, used 66997K [0x0000000080000000, 0x0000000100000000)
  region size 1024K, 3 young (3072K), 3 survivors (3072K)
 Metaspace       used 78119K, committed 78720K, reserved 1179648K
  class space    used 10610K, committed 10880K, reserved 1048576K
}
Event: 9.279 GC heap before
{Heap before GC invocations=27 (full 0):
 garbage-first heap   total 162816K, used 120245K [0x0000000080000000, 0x0000000100000000)
  region size 1024K, 55 young (56320K), 3 survivors (3072K)
 Metaspace       used 81947K, committed 82560K, reserved 1179648K
  class space    used 11106K, committed 11392K, reserved 1048576K
}
Event: 9.283 GC heap after
{Heap after GC invocations=28 (full 0):
 garbage-first heap   total 162816K, used 70363K [0x0000000080000000, 0x0000000100000000)
  region size 1024K, 7 young (7168K), 7 survivors (7168K)
 Metaspace       used 81947K, committed 82560K, reserved 1179648K
  class space    used 11106K, committed 11392K, reserved 1048576K
}
Event: 9.908 GC heap before
{Heap before GC invocations=28 (full 0):
 garbage-first heap   total 162816K, used 123611K [0x0000000080000000, 0x0000000100000000)
  region size 1024K, 59 young (60416K), 7 survivors (7168K)
 Metaspace       used 85705K, committed 86336K, reserved 1179648K
  class space    used 11743K, committed 12032K, reserved 1048576K
}
Event: 9.912 GC heap after
{Heap after GC invocations=29 (full 0):
 garbage-first heap   total 162816K, used 72287K [0x0000000080000000, 0x0000000100000000)
  region size 1024K, 6 young (6144K), 6 survivors (6144K)
 Metaspace       used 85705K, committed 86336K, reserved 1179648K
  class space    used 11743K, committed 12032K, reserved 1048576K
}
Event: 10.572 GC heap before
{Heap before GC invocations=29 (full 0):
 garbage-first heap   total 162816K, used 127583K [0x0000000080000000, 0x0000000100000000)
  region size 1024K, 60 young (61440K), 6 survivors (6144K)
 Metaspace       used 89807K, committed 90496K, reserved 1179648K
  class space    used 12409K, committed 12736K, reserved 1048576K
}
Event: 10.576 GC heap after
{Heap after GC invocations=30 (full 0):
 garbage-first heap   total 162816K, used 75200K [0x0000000080000000, 0x0000000100000000)
  region size 1024K, 5 young (5120K), 5 survivors (5120K)
 Metaspace       used 89807K, committed 90496K, reserved 1179648K
  class space    used 12409K, committed 12736K, reserved 1048576K
}
Event: 11.248 GC heap before
{Heap before GC invocations=30 (full 0):
 garbage-first heap   total 162816K, used 129472K [0x0000000080000000, 0x0000000100000000)
  region size 1024K, 58 young (59392K), 5 survivors (5120K)
 Metaspace       used 93918K, committed 94656K, reserved 1179648K
  class space    used 13069K, committed 13440K, reserved 1048576K
}
Event: 11.252 GC heap after
{Heap after GC invocations=31 (full 0):
 garbage-first heap   total 162816K, used 77618K [0x0000000080000000, 0x0000000100000000)
  region size 1024K, 6 young (6144K), 6 survivors (6144K)
 Metaspace       used 93918K, committed 94656K, reserved 1179648K
  class space    used 13069K, committed 13440K, reserved 1048576K
}

